2025-10-01 12:06:50,234 INFO o.a.j.u.JMeterUtils: Setting Locale to en_MY
2025-10-01 12:06:50,251 INFO o.a.j.JMeter: Loading user properties from: user.properties
2025-10-01 12:06:50,252 INFO o.a.j.JMeter: Loading system properties from: system.properties
2025-10-01 12:06:50,253 INFO o.a.j.JMeter: Loading additional properties from: C:\Users\Muhammad Azmi\Documents\apache-jmeter-5.6.3\bin\user.properties
2025-10-01 12:06:50,259 INFO o.a.j.JMeter: Copyright (c) 1998-2024 The Apache Software Foundation
2025-10-01 12:06:50,259 INFO o.a.j.JMeter: Version 5.6.3
2025-10-01 12:06:50,259 INFO o.a.j.JMeter: java.version=19.0.2
2025-10-01 12:06:50,259 INFO o.a.j.JMeter: java.vm.name=Java HotSpot(TM) 64-Bit Server VM
2025-10-01 12:06:50,259 INFO o.a.j.JMeter: os.name=Windows 10
2025-10-01 12:06:50,259 INFO o.a.j.JMeter: os.arch=amd64
2025-10-01 12:06:50,260 INFO o.a.j.JMeter: os.version=10.0
2025-10-01 12:06:50,260 INFO o.a.j.JMeter: file.encoding=UTF-8
2025-10-01 12:06:50,260 INFO o.a.j.JMeter: java.awt.headless=true
2025-10-01 12:06:50,260 INFO o.a.j.JMeter: Max memory     =8443133952
2025-10-01 12:06:50,260 INFO o.a.j.JMeter: Available Processors =12
2025-10-01 12:06:50,270 INFO o.a.j.JMeter: Default Locale=English (Malaysia)
2025-10-01 12:06:50,271 INFO o.a.j.JMeter: JMeter  Locale=English (Malaysia)
2025-10-01 12:06:50,271 INFO o.a.j.JMeter: JMeterHome=C:\Users\Muhammad Azmi\Documents\apache-jmeter-5.6.3
2025-10-01 12:06:50,271 INFO o.a.j.JMeter: user.dir  =C:\Users\Muhammad Azmi\Documents\apache-jmeter-5.6.3\bin
2025-10-01 12:06:50,271 INFO o.a.j.JMeter: PWD       =C:\Users\Muhammad Azmi\Documents\apache-jmeter-5.6.3\bin
2025-10-01 12:06:50,272 INFO o.a.j.JMeter: IP: 192.168.100.13 Name: HS-MY-LTP-038 FullName: HS-MY-LTP-038
2025-10-01 12:06:50,279 INFO o.a.j.JMeter: Setting property 'jmeter.reportgenerator.outputdir' to:'C:\Users\Muhammad Azmi\Downloads\Test_Result'
2025-10-01 12:06:50,282 INFO o.a.j.r.d.ReportGenerator: ReportGenerator will use for Parsing the separator: ','
2025-10-01 12:06:50,283 INFO o.a.j.r.d.ReportGenerator: Will only generate report from results file: C:\Users\Muhammad Azmi\Documents\apache-jmeter-5.6.3\OW_testscripts\summary.csv
2025-10-01 12:06:50,283 INFO o.a.j.r.d.ReportGenerator: Reading report generator properties from: C:\Users\Muhammad Azmi\Documents\apache-jmeter-5.6.3\bin\reportgenerator.properties
2025-10-01 12:06:50,284 INFO o.a.j.r.d.ReportGenerator: Merging with JMeter properties
2025-10-01 12:06:50,289 INFO o.a.j.r.c.ReportGeneratorConfiguration: Property 'jmeter.reportgenerator.temp_dir' not found, using default value 'temp' instead.
2025-10-01 12:06:50,292 INFO o.a.j.r.c.ReportGeneratorConfiguration: Property 'jmeter.reportgenerator.apdex_per_transaction' not found, using default value 'null' instead.
2025-10-01 12:06:50,299 INFO o.a.j.r.c.ReportGeneratorConfiguration: apdex_per_transaction is empty, not APDEX per transaction customization
2025-10-01 12:06:50,299 INFO o.a.j.r.c.ReportGeneratorConfiguration: Property 'jmeter.reportgenerator.sample_filter' not found, using default value 'null' instead.
2025-10-01 12:06:50,299 INFO o.a.j.r.c.ReportGeneratorConfiguration: Property 'jmeter.reportgenerator.report_title' not found, using default value 'null' instead.
2025-10-01 12:06:50,299 INFO o.a.j.r.c.ReportGeneratorConfiguration: Property 'jmeter.reportgenerator.start_date' not found, using default value 'null' instead.
2025-10-01 12:06:50,299 INFO o.a.j.r.c.ReportGeneratorConfiguration: Property 'jmeter.reportgenerator.end_date' not found, using default value 'null' instead.
2025-10-01 12:06:50,299 INFO o.a.j.r.c.ReportGeneratorConfiguration: Property 'jmeter.reportgenerator.date_format' not found, using default value 'null' instead.
2025-10-01 12:06:50,301 INFO o.a.j.r.c.ReportGeneratorConfiguration: Will use date range start date: null, end date: null
2025-10-01 12:06:50,305 INFO o.a.j.r.c.ReportGeneratorConfiguration: Property 'jmeter.reportgenerator.graph.totalTPS.exclude_controllers' not found, using default value 'false' instead.
2025-10-01 12:06:50,305 INFO o.a.j.r.c.ReportGeneratorConfiguration: Property 'jmeter.reportgenerator.graph.activeThreadsOverTime.exclude_controllers' not found, using default value 'false' instead.
2025-10-01 12:06:50,305 INFO o.a.j.r.c.ReportGeneratorConfiguration: Property 'jmeter.reportgenerator.graph.timeVsThreads.exclude_controllers' not found, using default value 'false' instead.
2025-10-01 12:06:50,305 INFO o.a.j.r.c.ReportGeneratorConfiguration: Property 'jmeter.reportgenerator.graph.responseTimeDistribution.exclude_controllers' not found, using default value 'false' instead.
2025-10-01 12:06:50,305 INFO o.a.j.r.c.ReportGeneratorConfiguration: Property 'jmeter.reportgenerator.graph.transactionsPerSecond.exclude_controllers' not found, using default value 'false' instead.
2025-10-01 12:06:50,305 INFO o.a.j.r.c.ReportGeneratorConfiguration: Property 'jmeter.reportgenerator.graph.responseTimePercentiles.exclude_controllers' not found, using default value 'false' instead.
2025-10-01 12:06:50,305 INFO o.a.j.r.c.ReportGeneratorConfiguration: Property 'jmeter.reportgenerator.graph.responseTimePercentilesOverTime.exclude_controllers' not found, using default value 'false' instead.
2025-10-01 12:06:50,305 INFO o.a.j.r.c.ReportGeneratorConfiguration: Property 'jmeter.reportgenerator.graph.responseTimesOverTime.exclude_controllers' not found, using default value 'false' instead.
2025-10-01 12:06:50,306 INFO o.a.j.r.c.ReportGeneratorConfiguration: Property 'jmeter.reportgenerator.graph.connectTimeOverTime.exclude_controllers' not found, using default value 'false' instead.
2025-10-01 12:06:50,306 INFO o.a.j.r.c.ReportGeneratorConfiguration: Property 'jmeter.reportgenerator.graph.latenciesOverTime.exclude_controllers' not found, using default value 'false' instead.
2025-10-01 12:06:50,306 INFO o.a.j.r.c.ReportGeneratorConfiguration: Property 'jmeter.reportgenerator.exporter.json.filters_only_sample_series' not found, using default value 'true' instead.
2025-10-01 12:06:50,306 INFO o.a.j.r.c.ReportGeneratorConfiguration: Property 'jmeter.reportgenerator.exporter.json.series_filter' not found, using default value '' instead.
2025-10-01 12:06:50,306 INFO o.a.j.r.c.ReportGeneratorConfiguration: Property 'jmeter.reportgenerator.exporter.json.show_controllers_only' not found, using default value 'false' instead.
2025-10-01 12:06:50,307 INFO o.a.j.r.c.ReportGeneratorConfiguration: Property 'jmeter.reportgenerator.exporter.html.filters_only_sample_series' not found, using default value 'true' instead.
2025-10-01 12:06:50,307 INFO o.a.j.r.c.ReportGeneratorConfiguration: Property 'jmeter.reportgenerator.exporter.html.series_filter' not found, using default value '' instead.
2025-10-01 12:06:50,307 INFO o.a.j.r.c.ReportGeneratorConfiguration: Property 'jmeter.reportgenerator.exporter.html.show_controllers_only' not found, using default value 'false' instead.
2025-10-01 12:06:50,473 INFO o.a.j.s.SaveService: Testplan (JMX) version: 2.2. Testlog (JTL) version: 2.2
2025-10-01 12:06:50,497 INFO o.a.j.s.SaveService: Using SaveService properties version 5.0
2025-10-01 12:06:50,499 INFO o.a.j.s.SaveService: Using SaveService properties file encoding UTF-8
2025-10-01 12:06:50,510 WARN o.a.j.s.CSVSaveService: Unknown column name Label
2025-10-01 12:06:50,514 WARN o.a.j.r.c.CsvSampleReader: File 'C:\Users\Muhammad Azmi\Documents\apache-jmeter-5.6.3\OW_testscripts\summary.csv' does not contain the field names header, ensure the jmeter.save.saveservice.* properties are the same as when the CSV file was created or the file may be read incorrectly when generating report
2025-10-01 12:06:50,515 WARN o.a.j.r.c.CsvSampleReader: Short CSV read around line 2 of file 'C:\Users\Muhammad Azmi\Documents\apache-jmeter-5.6.3\OW_testscripts\summary.csv'. Could only read 11 elements of 17 expected. Data is [Login, 1, 131, 131, 131, 0.00, 0.000%, 1.56006, 3.46, 0.41, 2271.0]
2025-10-01 12:06:50,515 ERROR o.a.j.JMeter: An error occurred: 
org.apache.jmeter.report.core.SampleException: Mismatch between expected number of columns:17 and columns in CSV file:11, check your jmeter.save.saveservice.* configuration or check if line 2 in 'C:\Users\Muhammad Azmi\Documents\apache-jmeter-5.6.3\OW_testscripts\summary.csv' is complete
	at org.apache.jmeter.report.core.CsvSampleReader.assertCorrectColumns(CsvSampleReader.java:201) ~[ApacheJMeter_core.jar:5.6.3]
	at org.apache.jmeter.report.core.CsvSampleReader.nextSample(CsvSampleReader.java:185) ~[ApacheJMeter_core.jar:5.6.3]
	at org.apache.jmeter.report.core.CsvSampleReader.<init>(CsvSampleReader.java:135) ~[ApacheJMeter_core.jar:5.6.3]
	at org.apache.jmeter.report.core.CsvSampleReader.<init>(CsvSampleReader.java:87) ~[ApacheJMeter_core.jar:5.6.3]
	at org.apache.jmeter.report.processor.CsvFileSampleSource.<init>(CsvFileSampleSource.java:112) ~[ApacheJMeter_core.jar:5.6.3]
	at org.apache.jmeter.report.dashboard.ReportGenerator.generate(ReportGenerator.java:210) ~[ApacheJMeter_core.jar:5.6.3]
	at org.apache.jmeter.JMeter.start(JMeter.java:485) [ApacheJMeter_core.jar:5.6.3]
	at java.base/jdk.internal.reflect.DirectMethodHandleAccessor.invoke(DirectMethodHandleAccessor.java:104) ~[?:?]
	at java.base/java.lang.reflect.Method.invoke(Method.java:578) ~[?:?]
	at org.apache.jmeter.NewDriver.main(NewDriver.java:259) [ApacheJMeter.jar:5.6.3]
